setting 'ivy.default.settings.dir' to 'jar:file:/Users/Dipesh/play/framework/sbt/sbt-launch.jar!/org/apache/ivy/core/settings'
setting 'ivy.basedir' to '/Users/Dipesh/.'
setting 'ivy.default.conf.dir' to 'jar:file:/Users/Dipesh/play/framework/sbt/sbt-launch.jar!/org/apache/ivy/core/settings'
impossible to define new type: class not found: org.apache.ivy.plugins.resolver.VfsResolver in [] nor Ivy classloader
impossible to define new type: class not found: org.apache.ivy.plugins.trigger.LogTrigger in [] nor Ivy classloader
impossible to define new type: class not found: org.apache.ivy.plugins.resolver.SshResolver in [] nor Ivy classloader
impossible to define new type: class not found: org.apache.ivy.plugins.resolver.DualResolver in [] nor Ivy classloader
impossible to define new type: class not found: org.apache.ivy.plugins.resolver.IvyRepResolver in [] nor Ivy classloader
impossible to define new type: class not found: org.apache.ivy.plugins.signer.bouncycastle.OpenPGPSignatureGenerator in [] nor Ivy classloader
impossible to define new type: class not found: org.apache.ivy.ant.AntCallTrigger in [] nor Ivy classloader
impossible to define new type: class not found: org.apache.ivy.ant.AntBuildTrigger in [] nor Ivy classloader
impossible to define new type: class not found: org.apache.ivy.plugins.version.PatternVersionMatcher in [] nor Ivy classloader
impossible to define new type: class not found: org.apache.ivy.plugins.resolver.packager.PackagerResolver in [] nor Ivy classloader
impossible to define new type: class not found: org.apache.ivy.plugins.resolver.VsftpResolver in [] nor Ivy classloader
impossible to define new type: class not found: org.apache.ivy.plugins.conflict.RegexpConflictManager in [] nor Ivy classloader
impossible to define new type: class not found: org.apache.ivy.plugins.resolver.SFTPResolver in [] nor Ivy classloader
impossible to define glob matcher: org.apache.ivy.plugins.matcher.GlobPatternMatcher was not found.
setting 'java.specification.version' to '13'
setting 'play.home' to '/Users/Dipesh/play/framework'
setting 'sun.jnu.encoding' to 'UTF-8'
setting 'java.class.path' to '/Users/Dipesh/play/framework/sbt/sbt-launch.jar'
setting 'java.vm.vendor' to 'Oracle Corporation'
setting 'sun.arch.data.model' to '64'
setting 'java.vendor.url' to 'https://java.oracle.com/'
setting 'user.timezone' to 'Asia/Kathmandu'
setting 'java.vm.specification.version' to '13'
setting 'os.name' to 'Mac OS X'
setting 'sun.java.launcher' to 'SUN_STANDARD'
setting 'user.country' to 'NP'
setting 'sun.boot.library.path' to '/Library/Java/JavaVirtualMachines/jdk-13.0.1.jdk/Contents/Home/lib'
setting 'sun.java.command' to '/Users/Dipesh/play/framework/sbt/sbt-launch.jar'
setting 'http.nonProxyHosts' to 'local|*.local|169.254/16|*.169.254/16'
setting 'jdk.debug' to 'release'
setting 'sun.cpu.endian' to 'little'
setting 'user.home' to '/Users/Dipesh'
setting 'user.language' to 'en'
setting 'sbt.boot.properties' to '/Users/Dipesh/play/framework/sbt/play.boot.properties'
setting 'java.specification.vendor' to 'Oracle Corporation'
setting 'java.version.date' to '2019-10-15'
setting 'java.home' to '/Library/Java/JavaVirtualMachines/jdk-13.0.1.jdk/Contents/Home'
setting 'file.separator' to '/'
setting 'java.vm.compressedOopsMode' to 'Zero based'
setting 'line.separator' to '
'
setting 'java.vm.specification.vendor' to 'Oracle Corporation'
setting 'java.specification.name' to 'Java Platform API Specification'
setting 'sun.management.compiler' to 'HotSpot 64-Bit Tiered Compilers'
setting 'ftp.nonProxyHosts' to 'local|*.local|169.254/16|*.169.254/16'
setting 'java.runtime.version' to '13.0.1+9'
setting 'user.name' to 'Dipesh'
setting 'path.separator' to ':'
setting 'os.version' to '10.15.3'
setting 'java.runtime.name' to 'Java(TM) SE Runtime Environment'
setting 'file.encoding' to 'UTF-8'
setting 'java.vm.name' to 'Java HotSpot(TM) 64-Bit Server VM'
setting 'java.vendor.url.bug' to 'https://bugreport.java.com/bugreport/'
setting 'java.io.tmpdir' to '/var/folders/8y/0f2jlxrd10nbtdy0lnwzq7w40000gn/T/'
setting 'java.version' to '13.0.1'
setting 'user.dir' to '/Users/Dipesh'
setting 'os.arch' to 'x86_64'
setting 'java.vm.specification.name' to 'Java Virtual Machine Specification'
setting 'sbt.ivy.home' to '/Users/Dipesh/play/repository'
setting 'java.library.path' to '/Users/Dipesh/Library/Java/Extensions:/Library/Java/Extensions:/Network/Library/Java/Extensions:/System/Library/Java/Extensions:/usr/lib/java:.'
setting 'java.vm.info' to 'mixed mode, sharing'
setting 'java.vendor' to 'Oracle Corporation'
setting 'java.vm.version' to '13.0.1+9'
setting 'sun.io.unicode.encoding' to 'UnicodeBig'
setting 'socksNonProxyHosts' to 'local|*.local|169.254/16|*.169.254/16'
setting 'java.class.version' to '57.0'
setting 'ivy.default.ivy.user.dir' to '/Users/Dipesh/play/repository'
setting 'ivy.home' to '/Users/Dipesh/play/repository'
setting 'ivy.cache.dir' to '/Users/Dipesh/play/repository/cache'
no default cache defined: set to /Users/Dipesh/play/repository/cache
setting 'ivy.checksums' to 'sha1,md5'
setting 'ivy.basedir' to '/Users/Dipesh/play/framework/sbt/boot'
setting 'basedir' to '/Users/Dipesh/play/framework/sbt/boot'
setting 'scala' to '2.9.1'
:: resolving dependencies :: org.scala-tools.sbt#boot-app;1.0
	confs: [default]
	validate = true
	refresh = false
resolving dependencies for configuration 'default'
== resolving dependencies for org.scala-tools.sbt#boot-app;1.0 [default]
loadData of org.scala-tools.sbt#boot-app;1.0 of rootConf=default
== resolving dependencies org.scala-tools.sbt#boot-app;1.0->play#console_2.9.1;2.0 [default->default(compile)]
loadData of play#console_2.9.1;2.0 of rootConf=default
	using redefined-public to resolve play#console_2.9.1;2.0
redefined-public: Checking cache for: dependency: play#console_2.9.1;2.0 {default=[default(compile)]}
redefined-public: no namespace defined: using system
	no ivy file in cache for play#console_2.9.1;2.0: tried /Users/Dipesh/play/repository/cache/play/console_2.9.1/ivy-2.0.xml
redefined-public: no latest strategy defined: using default
local: no namespace defined: using system
	no ivy file in cache for play#console_2.9.1;2.0: tried /Users/Dipesh/play/repository/cache/play/console_2.9.1/ivy-2.0.xml
	 trying /Users/Dipesh/play/repository/local/play/console_2.9.1/2.0/ivys/ivy.xml
		tried /Users/Dipesh/play/repository/local/play/console_2.9.1/2.0/ivys/ivy.xml
	local: found md file for play#console_2.9.1;2.0
		=> /Users/Dipesh/play/repository/local/play/console_2.9.1/2.0/ivys/ivy.xml (2.0)
	parser = ivy parser
	no ivy file in cache for play#console_2.9.1;2.0: tried /Users/Dipesh/play/repository/cache/play/console_2.9.1/ivy-2.0.xml
	[NOT REQUIRED] play#console_2.9.1;2.0!ivy.xml(ivy.original)
post 1.3 ivy file: using exact as default matcher
	default-cache: parsed downloaded md file for play#console_2.9.1;2.0; parsed=play#console_2.9.1;2.0
	checking play#console_2.9.1;2.0 from local against [none]
	module revision kept as first found: play#console_2.9.1;2.0 from local
	found play#console_2.9.1;2.0 in local
== resolving dependencies play#console_2.9.1;2.0->com.github.scala-incubator.io#scala-io-file_2.9.1;0.2.0 [compile->default(compile)]
loadData of com.github.scala-incubator.io#scala-io-file_2.9.1;0.2.0 of rootConf=default
	using redefined-public to resolve com.github.scala-incubator.io#scala-io-file_2.9.1;0.2.0
redefined-public: Checking cache for: dependency: com.github.scala-incubator.io#scala-io-file_2.9.1;0.2.0 {compile=[default(compile)]}
	no ivy file in cache for com.github.scala-incubator.io#scala-io-file_2.9.1;0.2.0: tried /Users/Dipesh/play/repository/cache/com.github.scala-incubator.io/scala-io-file_2.9.1/ivy-0.2.0.xml
	no ivy file in cache for com.github.scala-incubator.io#scala-io-file_2.9.1;0.2.0: tried /Users/Dipesh/play/repository/cache/com.github.scala-incubator.io/scala-io-file_2.9.1/ivy-0.2.0.xml
	 trying /Users/Dipesh/play/repository/local/com.github.scala-incubator.io/scala-io-file_2.9.1/0.2.0/ivys/ivy.xml
		tried /Users/Dipesh/play/repository/local/com.github.scala-incubator.io/scala-io-file_2.9.1/0.2.0/ivys/ivy.xml
	local: found md file for com.github.scala-incubator.io#scala-io-file_2.9.1;0.2.0
		=> /Users/Dipesh/play/repository/local/com.github.scala-incubator.io/scala-io-file_2.9.1/0.2.0/ivys/ivy.xml (0.2.0)
	parser = ivy parser
	no ivy file in cache for com.github.scala-incubator.io#scala-io-file_2.9.1;0.2.0: tried /Users/Dipesh/play/repository/cache/com.github.scala-incubator.io/scala-io-file_2.9.1/ivy-0.2.0.xml
	[NOT REQUIRED] com.github.scala-incubator.io#scala-io-file_2.9.1;0.2.0!ivy.xml(ivy.original)
post 1.3 ivy file: using exact as default matcher
	default-cache: parsed downloaded md file for com.github.scala-incubator.io#scala-io-file_2.9.1;0.2.0; parsed=com.github.scala-incubator.io#scala-io-file_2.9.1;0.2.0
	checking com.github.scala-incubator.io#scala-io-file_2.9.1;0.2.0 from local against [none]
	module revision kept as first found: com.github.scala-incubator.io#scala-io-file_2.9.1;0.2.0 from local
	found com.github.scala-incubator.io#scala-io-file_2.9.1;0.2.0 in local
== resolving dependencies play#console_2.9.1;2.0->com.github.scala-incubator.io#scala-io-file_2.9.1;0.2.0 [compile->runtime]
loadData of com.github.scala-incubator.io#scala-io-file_2.9.1;0.2.0 of rootConf=default
== resolving dependencies play#console_2.9.1;2.0->com.github.scala-incubator.io#scala-io-file_2.9.1;0.2.0 [compile->compile]
loadData of com.github.scala-incubator.io#scala-io-file_2.9.1;0.2.0 of rootConf=default
excluding dependency: org.scala-lang#scala-library;2.9.1 {compile=[compile(*), master(*)], runtime=[runtime(*)]} in compile
== resolving dependencies com.github.scala-incubator.io#scala-io-file_2.9.1;0.2.0->com.github.scala-incubator.io#scala-io-core_2.9.1;0.2.0 [compile->master(*)]
excluding dependency: org.scala-lang#scala-library;2.9.1 {compile=[compile(*), master(*)], runtime=[runtime(*)]} in compile
loadData of com.github.scala-incubator.io#scala-io-core_2.9.1;0.2.0 of rootConf=default
	using redefined-public to resolve com.github.scala-incubator.io#scala-io-core_2.9.1;0.2.0
redefined-public: Checking cache for: dependency: com.github.scala-incubator.io#scala-io-core_2.9.1;0.2.0 {compile=[compile(*), master(*)], runtime=[runtime(*)]}
	no ivy file in cache for com.github.scala-incubator.io#scala-io-core_2.9.1;0.2.0: tried /Users/Dipesh/play/repository/cache/com.github.scala-incubator.io/scala-io-core_2.9.1/ivy-0.2.0.xml
	no ivy file in cache for com.github.scala-incubator.io#scala-io-core_2.9.1;0.2.0: tried /Users/Dipesh/play/repository/cache/com.github.scala-incubator.io/scala-io-core_2.9.1/ivy-0.2.0.xml
	 trying /Users/Dipesh/play/repository/local/com.github.scala-incubator.io/scala-io-core_2.9.1/0.2.0/ivys/ivy.xml
		tried /Users/Dipesh/play/repository/local/com.github.scala-incubator.io/scala-io-core_2.9.1/0.2.0/ivys/ivy.xml
	local: found md file for com.github.scala-incubator.io#scala-io-core_2.9.1;0.2.0
		=> /Users/Dipesh/play/repository/local/com.github.scala-incubator.io/scala-io-core_2.9.1/0.2.0/ivys/ivy.xml (0.2.0)
	parser = ivy parser
	no ivy file in cache for com.github.scala-incubator.io#scala-io-core_2.9.1;0.2.0: tried /Users/Dipesh/play/repository/cache/com.github.scala-incubator.io/scala-io-core_2.9.1/ivy-0.2.0.xml
	[NOT REQUIRED] com.github.scala-incubator.io#scala-io-core_2.9.1;0.2.0!ivy.xml(ivy.original)
post 1.3 ivy file: using exact as default matcher
	default-cache: parsed downloaded md file for com.github.scala-incubator.io#scala-io-core_2.9.1;0.2.0; parsed=com.github.scala-incubator.io#scala-io-core_2.9.1;0.2.0
	checking com.github.scala-incubator.io#scala-io-core_2.9.1;0.2.0 from local against [none]
	module revision kept as first found: com.github.scala-incubator.io#scala-io-core_2.9.1;0.2.0 from local
	found com.github.scala-incubator.io#scala-io-core_2.9.1;0.2.0 in local
== resolving dependencies com.github.scala-incubator.io#scala-io-file_2.9.1;0.2.0->com.github.scala-incubator.io#scala-io-core_2.9.1;0.2.0 [compile->compile(*)]
loadData of com.github.scala-incubator.io#scala-io-core_2.9.1;0.2.0 of rootConf=default
excluding dependency: org.scala-lang#scala-library;2.9.1 {compile=[compile(*), master(*)], runtime=[runtime(*)]} in compile
== resolving dependencies com.github.scala-incubator.io#scala-io-core_2.9.1;0.2.0->com.github.jsuereth.scala-arm#scala-arm_2.9.1;0.3 [compile->master(*)]
excluding dependency: org.scala-lang#scala-library;2.9.1 {compile=[compile(*), master(*)], runtime=[runtime(*)]} in compile
excluding dependency: org.scala-lang#scala-library;2.9.1 {compile=[compile(*), master(*)], runtime=[runtime(*)]} in compile
excluding dependency: org.scala-lang#scala-library;2.9.1 {compile=[compile(*), master(*)], runtime=[runtime(*)]} in runtime
loadData of com.github.jsuereth.scala-arm#scala-arm_2.9.1;0.3 of rootConf=default
	using redefined-public to resolve com.github.jsuereth.scala-arm#scala-arm_2.9.1;0.3
redefined-public: Checking cache for: dependency: com.github.jsuereth.scala-arm#scala-arm_2.9.1;0.3 {compile=[compile(*), master(*)], runtime=[runtime(*)]}
	no ivy file in cache for com.github.jsuereth.scala-arm#scala-arm_2.9.1;0.3: tried /Users/Dipesh/play/repository/cache/com.github.jsuereth.scala-arm/scala-arm_2.9.1/ivy-0.3.xml
	no ivy file in cache for com.github.jsuereth.scala-arm#scala-arm_2.9.1;0.3: tried /Users/Dipesh/play/repository/cache/com.github.jsuereth.scala-arm/scala-arm_2.9.1/ivy-0.3.xml
	 trying /Users/Dipesh/play/repository/local/com.github.jsuereth.scala-arm/scala-arm_2.9.1/0.3/ivys/ivy.xml
		tried /Users/Dipesh/play/repository/local/com.github.jsuereth.scala-arm/scala-arm_2.9.1/0.3/ivys/ivy.xml
	local: found md file for com.github.jsuereth.scala-arm#scala-arm_2.9.1;0.3
		=> /Users/Dipesh/play/repository/local/com.github.jsuereth.scala-arm/scala-arm_2.9.1/0.3/ivys/ivy.xml (0.3)
	parser = ivy parser
	no ivy file in cache for com.github.jsuereth.scala-arm#scala-arm_2.9.1;0.3: tried /Users/Dipesh/play/repository/cache/com.github.jsuereth.scala-arm/scala-arm_2.9.1/ivy-0.3.xml
	[NOT REQUIRED] com.github.jsuereth.scala-arm#scala-arm_2.9.1;0.3!ivy.xml(ivy.original)
post 1.3 ivy file: using exact as default matcher
	default-cache: parsed downloaded md file for com.github.jsuereth.scala-arm#scala-arm_2.9.1;0.3; parsed=com.github.jsuereth.scala-arm#scala-arm_2.9.1;0.3
	checking com.github.jsuereth.scala-arm#scala-arm_2.9.1;0.3 from local against [none]
	module revision kept as first found: com.github.jsuereth.scala-arm#scala-arm_2.9.1;0.3 from local
	found com.github.jsuereth.scala-arm#scala-arm_2.9.1;0.3 in local
== resolving dependencies com.github.scala-incubator.io#scala-io-core_2.9.1;0.2.0->com.github.jsuereth.scala-arm#scala-arm_2.9.1;0.3 [compile->compile(*)]
loadData of com.github.jsuereth.scala-arm#scala-arm_2.9.1;0.3 of rootConf=default
excluding dependency: org.scala-lang#scala-library;2.9.1 {compile=[compile(*), master(*)], runtime=[runtime(*)]} in compile
== resolving dependencies com.github.scala-incubator.io#scala-io-file_2.9.1;0.2.0->com.github.scala-incubator.io#scala-io-core_2.9.1;0.2.0 [compile->runtime(*)]
loadData of com.github.scala-incubator.io#scala-io-core_2.9.1;0.2.0 of rootConf=default
== resolving dependencies com.github.scala-incubator.io#scala-io-file_2.9.1;0.2.0->com.github.scala-incubator.io#scala-io-core_2.9.1;0.2.0 [compile->compile]
loadData of com.github.scala-incubator.io#scala-io-core_2.9.1;0.2.0 of rootConf=default
excluding dependency: org.scala-lang#scala-library;2.9.1 {compile=[compile(*), master(*)], runtime=[runtime(*)]} in runtime
== resolving dependencies com.github.scala-incubator.io#scala-io-core_2.9.1;0.2.0->com.github.jsuereth.scala-arm#scala-arm_2.9.1;0.3 [runtime->runtime(*)]
loadData of com.github.jsuereth.scala-arm#scala-arm_2.9.1;0.3 of rootConf=default
== resolving dependencies com.github.scala-incubator.io#scala-io-core_2.9.1;0.2.0->com.github.jsuereth.scala-arm#scala-arm_2.9.1;0.3 [runtime->compile]
loadData of com.github.jsuereth.scala-arm#scala-arm_2.9.1;0.3 of rootConf=default
excluding dependency: org.scala-lang#scala-library;2.9.1 {compile=[compile(*), master(*)], runtime=[runtime(*)]} in runtime
excluding dependency: org.scala-lang#scala-library;2.9.1 {compile=[compile(*), master(*)], runtime=[runtime(*)]} in runtime
== resolving dependencies com.github.scala-incubator.io#scala-io-file_2.9.1;0.2.0->com.github.scala-incubator.io#scala-io-core_2.9.1;0.2.0 [runtime->runtime(*)]
loadData of com.github.scala-incubator.io#scala-io-core_2.9.1;0.2.0 of rootConf=default
default is loaded and no conf to load.  Skip loading
== resolving dependencies com.github.scala-incubator.io#scala-io-file_2.9.1;0.2.0->com.github.scala-incubator.io#scala-io-core_2.9.1;0.2.0 [runtime->compile]
loadData of com.github.scala-incubator.io#scala-io-core_2.9.1;0.2.0 of rootConf=default
default is loaded and no conf to load.  Skip loading
== resolving dependencies play#console_2.9.1;2.0->com.github.scala-incubator.io#scala-io-file_2.9.1;0.2.0 [compile->master]
loadData of com.github.scala-incubator.io#scala-io-file_2.9.1;0.2.0 of rootConf=default
Nbr of module to sort : 4
Sort dependencies of : play#console_2.9.1;2.0 / Number of dependencies = 1
Sort dependencies of : com.github.scala-incubator.io#scala-io-file_2.9.1;0.2.0 / Number of dependencies = 4
Sort dependencies of : com.github.scala-incubator.io#scala-io-core_2.9.1;0.2.0 / Number of dependencies = 3
Sort dependencies of : com.github.jsuereth.scala-arm#scala-arm_2.9.1;0.3 / Number of dependencies = 4
Sort done for : com.github.jsuereth.scala-arm#scala-arm_2.9.1;0.3
Sort done for : com.github.scala-incubator.io#scala-io-core_2.9.1;0.2.0
Module descriptor is processed : com.github.scala-incubator.io#scala-io-core_2.9.1;0.2.0
Sort done for : com.github.scala-incubator.io#scala-io-file_2.9.1;0.2.0
Sort done for : play#console_2.9.1;2.0
Module descriptor is processed : com.github.scala-incubator.io#scala-io-file_2.9.1;0.2.0
Module descriptor is processed : com.github.scala-incubator.io#scala-io-core_2.9.1;0.2.0
Module descriptor is processed : com.github.jsuereth.scala-arm#scala-arm_2.9.1;0.3
	resolved ivy file produced in /Users/Dipesh/play/repository/cache/resolved-org.scala-tools.sbt-boot-app-1.0.xml
:: downloading artifacts ::
	 trying /Users/Dipesh/play/repository/local/play/console_2.9.1/2.0/jars/console_2.9.1.jar
		tried /Users/Dipesh/play/repository/local/play/console_2.9.1/2.0/jars/console_2.9.1.jar
	[NOT REQUIRED] play#console_2.9.1;2.0!console_2.9.1.jar
	 trying /Users/Dipesh/play/repository/local/com.github.scala-incubator.io/scala-io-file_2.9.1/0.2.0/jars/scala-io-file_2.9.1.jar
		tried /Users/Dipesh/play/repository/local/com.github.scala-incubator.io/scala-io-file_2.9.1/0.2.0/jars/scala-io-file_2.9.1.jar
	[NOT REQUIRED] com.github.scala-incubator.io#scala-io-file_2.9.1;0.2.0!scala-io-file_2.9.1.jar
	 trying /Users/Dipesh/play/repository/local/com.github.scala-incubator.io/scala-io-core_2.9.1/0.2.0/jars/scala-io-core_2.9.1.jar
		tried /Users/Dipesh/play/repository/local/com.github.scala-incubator.io/scala-io-core_2.9.1/0.2.0/jars/scala-io-core_2.9.1.jar
	[NOT REQUIRED] com.github.scala-incubator.io#scala-io-core_2.9.1;0.2.0!scala-io-core_2.9.1.jar
	 trying /Users/Dipesh/play/repository/local/com.github.jsuereth.scala-arm/scala-arm_2.9.1/0.3/jars/scala-arm_2.9.1.jar
		tried /Users/Dipesh/play/repository/local/com.github.jsuereth.scala-arm/scala-arm_2.9.1/0.3/jars/scala-arm_2.9.1.jar
	[NOT REQUIRED] com.github.jsuereth.scala-arm#scala-arm_2.9.1;0.3!scala-arm_2.9.1.jar
:: resolution report :: resolve 89ms :: artifacts dl 7ms
Nbr of module to sort : 4
Sort dependencies of : play#console_2.9.1;2.0 / Number of dependencies = 1
Sort dependencies of : com.github.scala-incubator.io#scala-io-file_2.9.1;0.2.0 / Number of dependencies = 4
Sort dependencies of : com.github.scala-incubator.io#scala-io-core_2.9.1;0.2.0 / Number of dependencies = 3
Sort dependencies of : com.github.jsuereth.scala-arm#scala-arm_2.9.1;0.3 / Number of dependencies = 4
Sort done for : com.github.jsuereth.scala-arm#scala-arm_2.9.1;0.3
Sort done for : com.github.scala-incubator.io#scala-io-core_2.9.1;0.2.0
Module descriptor is processed : com.github.scala-incubator.io#scala-io-core_2.9.1;0.2.0
Sort done for : com.github.scala-incubator.io#scala-io-file_2.9.1;0.2.0
Sort done for : play#console_2.9.1;2.0
Module descriptor is processed : com.github.scala-incubator.io#scala-io-file_2.9.1;0.2.0
Module descriptor is processed : com.github.scala-incubator.io#scala-io-core_2.9.1;0.2.0
Module descriptor is processed : com.github.jsuereth.scala-arm#scala-arm_2.9.1;0.3
	report for org.scala-tools.sbt#boot-app;1.0 default produced in /Users/Dipesh/play/repository/cache/org.scala-tools.sbt-boot-app-default.xml
	resolve done (89ms resolve - 7ms download)
:: retrieving :: org.scala-tools.sbt#boot-app
	checkUpToDate=true
no explicit confs given for retrieve, using ivy file: /Users/Dipesh/play/repository/cache/resolved-org.scala-tools.sbt-boot-app-1.0.xml
using ivy parser to parse /Users/Dipesh/play/repository/cache/resolved-org.scala-tools.sbt-boot-app-1.0.xml
post 1.3 ivy file: using exact as default matcher
	confs: [default]
	retrieving /Users/Dipesh/play/repository/local/com.github.jsuereth.scala-arm/scala-arm_2.9.1/0.3/jars/scala-arm_2.9.1.jar
		to /Users/Dipesh/play/framework/sbt/boot/scala-2.9.1/play/console/2.0/scala-arm_2.9.1-0.3.jar
	retrieving /Users/Dipesh/play/repository/local/com.github.scala-incubator.io/scala-io-file_2.9.1/0.2.0/jars/scala-io-file_2.9.1.jar
		to /Users/Dipesh/play/framework/sbt/boot/scala-2.9.1/play/console/2.0/scala-io-file_2.9.1-0.2.0.jar
	retrieving /Users/Dipesh/play/repository/local/play/console_2.9.1/2.0/jars/console_2.9.1.jar
		to /Users/Dipesh/play/framework/sbt/boot/scala-2.9.1/play/console/2.0/console_2.9.1-2.0.jar
	retrieving /Users/Dipesh/play/repository/local/com.github.scala-incubator.io/scala-io-core_2.9.1/0.2.0/jars/scala-io-core_2.9.1.jar
		to /Users/Dipesh/play/framework/sbt/boot/scala-2.9.1/play/console/2.0/scala-io-core_2.9.1-0.2.0.jar
	4 artifacts copied, 0 already retrieved (1472kB/14ms)
	retrieve done (14ms)
